[01m[K/home/julien/Documents/Intech/Monthléry/ros_workspace/monthlery/src/controller/controllerSetup.cpp:[m[K In member function ‘[01m[Kvoid ControllerSetup::run(bool)[m[K’:
[01m[K/home/julien/Documents/Intech/Monthléry/ros_workspace/monthlery/src/controller/controllerSetup.cpp:30:9:[m[K [01;31m[Kerror: [m[K‘[01m[Kcout[m[K’ was not declared in this scope; did you mean ‘[01m[Kstd::cout[m[K’?
   30 |         [01;31m[Kcout[m[K << "hey" << endl;
      |         [01;31m[K^~~~[m[K
      |         [32m[Kstd::cout[m[K
In file included from [01m[K/home/julien/Documents/Intech/Monthléry/ros_workspace/monthlery/src/controller/joystick/joystick.hpp:19[m[K,
                 from [01m[K/home/julien/Documents/Intech/Monthléry/ros_workspace/monthlery/src/controller/joystick/joystick.cpp:15[m[K,
                 from [01m[K/home/julien/Documents/Intech/Monthléry/ros_workspace/monthlery/src/controller/controllerSetup.cpp:1[m[K:
[01m[K/usr/include/c++/9/iostream:61:18:[m[K [01;36m[Knote: [m[K‘[01m[Kstd::cout[m[K’ declared here
   61 |   extern ostream [01;36m[Kcout[m[K;  /// Linked to standard output
      |                  [01;36m[K^~~~[m[K
[01m[K/home/julien/Documents/Intech/Monthléry/ros_workspace/monthlery/src/controller/controllerSetup.cpp:30:26:[m[K [01;31m[Kerror: [m[K‘[01m[Kendl[m[K’ was not declared in this scope; did you mean ‘[01m[Kstd::endl[m[K’?
   30 |         cout << "hey" << [01;31m[Kendl[m[K;
      |                          [01;31m[K^~~~[m[K
      |                          [32m[Kstd::endl[m[K
In file included from [01m[K/usr/include/c++/9/iostream:39[m[K,
                 from [01m[K/home/julien/Documents/Intech/Monthléry/ros_workspace/monthlery/src/controller/joystick/joystick.hpp:19[m[K,
                 from [01m[K/home/julien/Documents/Intech/Monthléry/ros_workspace/monthlery/src/controller/joystick/joystick.cpp:15[m[K,
                 from [01m[K/home/julien/Documents/Intech/Monthléry/ros_workspace/monthlery/src/controller/controllerSetup.cpp:1[m[K:
[01m[K/usr/include/c++/9/ostream:599:5:[m[K [01;36m[Knote: [m[K‘[01m[Kstd::endl[m[K’ declared here
  599 |     [01;36m[Kendl[m[K(basic_ostream<_CharT, _Traits>& __os)
      |     [01;36m[K^~~~[m[K
make[2]: *** [CMakeFiles/monthlery.dir/build.make:89 : CMakeFiles/monthlery.dir/src/controller/controllerSetup.cpp.o] Erreur 1
make[2]: *** Attente des tâches non terminées....
make[1]: *** [CMakeFiles/Makefile2:78 : CMakeFiles/monthlery.dir/all] Erreur 2
make: *** [Makefile:141 : all] Erreur 2
