[0.147s] DEBUG:colcon:Command line arguments: ['/usr/bin/colcon', 'build', '--packages-select', 'monthlery']
[0.148s] DEBUG:colcon:Parsed command line arguments: Namespace(allow_overriding=[], ament_cmake_args=None, base_paths=['.'], build_base='build', catkin_cmake_args=None, catkin_skip_building_tests=False, cmake_args=None, cmake_clean_cache=False, cmake_clean_first=False, cmake_force_configure=False, cmake_target=None, cmake_target_skip_unavailable=False, continue_on_error=False, event_handlers=None, executor='parallel', ignore_user_meta=False, install_base='install', log_base=None, log_level=None, main=<bound method BuildVerb.main of <colcon_core.verb.build.BuildVerb object at 0x7f1f8e57a7c0>>, merge_install=False, metas=['./colcon.meta'], packages_above=None, packages_above_and_dependencies=None, packages_above_depth=None, packages_end=None, packages_ignore=None, packages_ignore_regex=None, packages_select=['monthlery'], packages_select_build_failed=False, packages_select_by_dep=None, packages_select_regex=None, packages_select_test_failures=False, packages_skip=None, packages_skip_build_finished=False, packages_skip_by_dep=None, packages_skip_regex=None, packages_skip_test_passed=False, packages_skip_up_to=None, packages_start=None, packages_up_to=None, packages_up_to_regex=None, parallel_workers=12, paths=None, symlink_install=False, test_result_base=None, verb_extension=<colcon_core.verb.build.BuildVerb object at 0x7f1f8e57a7c0>, verb_name='build', verb_parser=<colcon_defaults.argument_parser.defaults.DefaultArgumentsDecorator object at 0x7f1f8e57ad30>)
[0.153s] Level 1:colcon.colcon_core.package_discovery:discover_packages(colcon_meta) check parameters
[0.153s] Level 1:colcon.colcon_core.package_discovery:discover_packages(recursive) check parameters
[0.153s] Level 1:colcon.colcon_core.package_discovery:discover_packages(ignore) check parameters
[0.153s] Level 1:colcon.colcon_core.package_discovery:discover_packages(path) check parameters
[0.153s] Level 1:colcon.colcon_core.package_discovery:discover_packages(colcon_meta) discover
[0.153s] Level 1:colcon.colcon_core.package_discovery:discover_packages(recursive) discover
[0.153s] INFO:colcon.colcon_core.package_discovery:Crawling recursively for packages in '/home/julien/Documents/Intech/Monthléry/ros_workspace'
[0.154s] Level 1:colcon.colcon_core.package_identification:_identify(.) by extensions ['ignore', 'ignore_ament_install']
[0.154s] Level 1:colcon.colcon_core.package_identification:_identify(.) by extension 'ignore'
[0.154s] Level 1:colcon.colcon_core.package_identification:_identify(.) by extension 'ignore_ament_install'
[0.154s] Level 1:colcon.colcon_core.package_identification:_identify(.) by extensions ['colcon_pkg']
[0.154s] Level 1:colcon.colcon_core.package_identification:_identify(.) by extension 'colcon_pkg'
[0.154s] Level 1:colcon.colcon_core.package_identification:_identify(.) by extensions ['colcon_meta']
[0.154s] Level 1:colcon.colcon_core.package_identification:_identify(.) by extension 'colcon_meta'
[0.154s] Level 1:colcon.colcon_core.package_identification:_identify(.) by extensions ['ros']
[0.154s] Level 1:colcon.colcon_core.package_identification:_identify(.) by extension 'ros'
[0.167s] Level 1:colcon.colcon_core.package_identification:_identify(.) by extensions ['cmake', 'python']
[0.167s] Level 1:colcon.colcon_core.package_identification:_identify(.) by extension 'cmake'
[0.167s] Level 1:colcon.colcon_core.package_identification:_identify(.) by extension 'python'
[0.167s] Level 1:colcon.colcon_core.package_identification:_identify(.) by extensions ['python_setup_py']
[0.167s] Level 1:colcon.colcon_core.package_identification:_identify(.) by extension 'python_setup_py'
[0.167s] Level 1:colcon.colcon_core.package_identification:_identify(build) by extensions ['ignore', 'ignore_ament_install']
[0.167s] Level 1:colcon.colcon_core.package_identification:_identify(build) by extension 'ignore'
[0.167s] Level 1:colcon.colcon_core.package_identification:_identify(build) ignored
[0.167s] Level 1:colcon.colcon_core.package_identification:_identify(install) by extensions ['ignore', 'ignore_ament_install']
[0.167s] Level 1:colcon.colcon_core.package_identification:_identify(install) by extension 'ignore'
[0.168s] Level 1:colcon.colcon_core.package_identification:_identify(install) ignored
[0.168s] Level 1:colcon.colcon_core.package_identification:_identify(log) by extensions ['ignore', 'ignore_ament_install']
[0.168s] Level 1:colcon.colcon_core.package_identification:_identify(log) by extension 'ignore'
[0.168s] Level 1:colcon.colcon_core.package_identification:_identify(log) ignored
[0.168s] Level 1:colcon.colcon_core.package_identification:_identify(monthlery) by extensions ['ignore', 'ignore_ament_install']
[0.168s] Level 1:colcon.colcon_core.package_identification:_identify(monthlery) by extension 'ignore'
[0.168s] Level 1:colcon.colcon_core.package_identification:_identify(monthlery) by extension 'ignore_ament_install'
[0.168s] Level 1:colcon.colcon_core.package_identification:_identify(monthlery) by extensions ['colcon_pkg']
[0.168s] Level 1:colcon.colcon_core.package_identification:_identify(monthlery) by extension 'colcon_pkg'
[0.168s] Level 1:colcon.colcon_core.package_identification:_identify(monthlery) by extensions ['colcon_meta']
[0.168s] Level 1:colcon.colcon_core.package_identification:_identify(monthlery) by extension 'colcon_meta'
[0.168s] Level 1:colcon.colcon_core.package_identification:_identify(monthlery) by extensions ['ros']
[0.169s] Level 1:colcon.colcon_core.package_identification:_identify(monthlery) by extension 'ros'
[0.177s] DEBUG:colcon.colcon_core.package_identification:Package 'monthlery' with type 'ros.ament_cmake' and name 'monthlery'
[0.177s] Level 1:colcon.colcon_core.package_discovery:discover_packages(recursive) using defaults
[0.177s] Level 1:colcon.colcon_core.package_discovery:discover_packages(ignore) discover
[0.177s] Level 1:colcon.colcon_core.package_discovery:discover_packages(ignore) using defaults
[0.177s] Level 1:colcon.colcon_core.package_discovery:discover_packages(path) discover
[0.177s] Level 1:colcon.colcon_core.package_discovery:discover_packages(path) using defaults
[0.192s] Level 5:colcon.colcon_core.verb:set package 'monthlery' build argument 'cmake_args' from command line to 'None'
[0.193s] Level 5:colcon.colcon_core.verb:set package 'monthlery' build argument 'cmake_target' from command line to 'None'
[0.193s] Level 5:colcon.colcon_core.verb:set package 'monthlery' build argument 'cmake_target_skip_unavailable' from command line to 'False'
[0.193s] Level 5:colcon.colcon_core.verb:set package 'monthlery' build argument 'cmake_clean_cache' from command line to 'False'
[0.193s] Level 5:colcon.colcon_core.verb:set package 'monthlery' build argument 'cmake_clean_first' from command line to 'False'
[0.193s] Level 5:colcon.colcon_core.verb:set package 'monthlery' build argument 'cmake_force_configure' from command line to 'False'
[0.193s] Level 5:colcon.colcon_core.verb:set package 'monthlery' build argument 'ament_cmake_args' from command line to 'None'
[0.193s] Level 5:colcon.colcon_core.verb:set package 'monthlery' build argument 'catkin_cmake_args' from command line to 'None'
[0.193s] Level 5:colcon.colcon_core.verb:set package 'monthlery' build argument 'catkin_skip_building_tests' from command line to 'False'
[0.193s] DEBUG:colcon.colcon_core.verb:Building package 'monthlery' with the following arguments: {'ament_cmake_args': None, 'build_base': '/home/julien/Documents/Intech/Monthléry/ros_workspace/build/monthlery', 'catkin_cmake_args': None, 'catkin_skip_building_tests': False, 'cmake_args': None, 'cmake_clean_cache': False, 'cmake_clean_first': False, 'cmake_force_configure': False, 'cmake_target': None, 'cmake_target_skip_unavailable': False, 'install_base': '/home/julien/Documents/Intech/Monthléry/ros_workspace/install/monthlery', 'merge_install': False, 'path': '/home/julien/Documents/Intech/Monthléry/ros_workspace/monthlery', 'symlink_install': False, 'test_result_base': None}
[0.197s] INFO:colcon.colcon_core.executor:Executing jobs using 'parallel' executor
[0.199s] DEBUG:colcon.colcon_parallel_executor.executor.parallel:run_until_complete
[0.199s] INFO:colcon.colcon_ros.task.ament_cmake.build:Building ROS package in '/home/julien/Documents/Intech/Monthléry/ros_workspace/monthlery' with build type 'ament_cmake'
[0.200s] INFO:colcon.colcon_cmake.task.cmake.build:Building CMake package in '/home/julien/Documents/Intech/Monthléry/ros_workspace/monthlery'
[0.207s] INFO:colcon.colcon_core.plugin_system:Skipping extension 'colcon_core.shell.bat': Not used on non-Windows systems
[0.208s] INFO:colcon.colcon_core.shell:Skip shell extension 'powershell' for command environment: Not usable outside of PowerShell
[0.208s] DEBUG:colcon.colcon_core.shell:Skip shell extension 'dsv' for command environment
[0.219s] DEBUG:colcon.colcon_core.event_handler.log_command:Invoking command in '/home/julien/Documents/Intech/Monthléry/ros_workspace/build/monthlery': CMAKE_PREFIX_PATH=/opt/ros/foxy /usr/bin/cmake --build /home/julien/Documents/Intech/Monthléry/ros_workspace/build/monthlery -- -j12 -l12
[1.509s] DEBUG:colcon.colcon_core.event_handler.log_command:Invoked command in '/home/julien/Documents/Intech/Monthléry/ros_workspace/build/monthlery' returned '0': CMAKE_PREFIX_PATH=/opt/ros/foxy /usr/bin/cmake --build /home/julien/Documents/Intech/Monthléry/ros_workspace/build/monthlery -- -j12 -l12
[1.545s] DEBUG:colcon.colcon_core.event_handler.log_command:Invoking command in '/home/julien/Documents/Intech/Monthléry/ros_workspace/build/monthlery': CMAKE_PREFIX_PATH=/opt/ros/foxy /usr/bin/cmake --install /home/julien/Documents/Intech/Monthléry/ros_workspace/build/monthlery
[1.556s] Level 1:colcon.colcon_core.environment:create_environment_scripts_only(monthlery)
[1.557s] DEBUG:colcon.colcon_core.event_handler.log_command:Invoked command in '/home/julien/Documents/Intech/Monthléry/ros_workspace/build/monthlery' returned '0': CMAKE_PREFIX_PATH=/opt/ros/foxy /usr/bin/cmake --install /home/julien/Documents/Intech/Monthléry/ros_workspace/build/monthlery
[1.565s] Level 1:colcon.colcon_core.environment:checking '/home/julien/Documents/Intech/Monthléry/ros_workspace/install/monthlery' for CMake module files
[1.565s] Level 1:colcon.colcon_core.environment:checking '/home/julien/Documents/Intech/Monthléry/ros_workspace/install/monthlery' for CMake config files
[1.566s] Level 1:colcon.colcon_core.shell:create_environment_hook('monthlery', 'cmake_prefix_path')
[1.566s] INFO:colcon.colcon_core.shell:Creating environment hook '/home/julien/Documents/Intech/Monthléry/ros_workspace/install/monthlery/share/monthlery/hook/cmake_prefix_path.ps1'
[1.567s] INFO:colcon.colcon_core.shell:Creating environment descriptor '/home/julien/Documents/Intech/Monthléry/ros_workspace/install/monthlery/share/monthlery/hook/cmake_prefix_path.dsv'
[1.568s] INFO:colcon.colcon_core.shell:Creating environment hook '/home/julien/Documents/Intech/Monthléry/ros_workspace/install/monthlery/share/monthlery/hook/cmake_prefix_path.sh'
[1.569s] Level 1:colcon.colcon_core.environment:checking '/home/julien/Documents/Intech/Monthléry/ros_workspace/install/monthlery/lib'
[1.569s] Level 1:colcon.colcon_core.environment:checking '/home/julien/Documents/Intech/Monthléry/ros_workspace/install/monthlery/bin'
[1.569s] Level 1:colcon.colcon_core.environment:checking '/home/julien/Documents/Intech/Monthléry/ros_workspace/install/monthlery/lib/pkgconfig/monthlery.pc'
[1.570s] Level 1:colcon.colcon_core.environment:checking '/home/julien/Documents/Intech/Monthléry/ros_workspace/install/monthlery/lib/python3.8/site-packages'
[1.570s] INFO:colcon.colcon_core.shell:Creating package script '/home/julien/Documents/Intech/Monthléry/ros_workspace/install/monthlery/share/monthlery/package.ps1'
[1.571s] INFO:colcon.colcon_core.shell:Creating package descriptor '/home/julien/Documents/Intech/Monthléry/ros_workspace/install/monthlery/share/monthlery/package.dsv'
[1.572s] INFO:colcon.colcon_core.shell:Creating package script '/home/julien/Documents/Intech/Monthléry/ros_workspace/install/monthlery/share/monthlery/package.sh'
[1.573s] INFO:colcon.colcon_core.shell:Creating package script '/home/julien/Documents/Intech/Monthléry/ros_workspace/install/monthlery/share/monthlery/package.bash'
[1.574s] INFO:colcon.colcon_core.shell:Creating package script '/home/julien/Documents/Intech/Monthléry/ros_workspace/install/monthlery/share/monthlery/package.zsh'
[1.574s] Level 1:colcon.colcon_core.environment:create_file_with_runtime_dependencies(/home/julien/Documents/Intech/Monthléry/ros_workspace/install/monthlery/share/colcon-core/packages/monthlery)
[1.596s] Level 1:colcon.colcon_core.environment:create_environment_scripts_only(monthlery)
[1.597s] Level 1:colcon.colcon_core.environment:checking '/home/julien/Documents/Intech/Monthléry/ros_workspace/install/monthlery' for CMake module files
[1.598s] Level 1:colcon.colcon_core.environment:checking '/home/julien/Documents/Intech/Monthléry/ros_workspace/install/monthlery' for CMake config files
[1.598s] Level 1:colcon.colcon_core.shell:create_environment_hook('monthlery', 'cmake_prefix_path')
[1.599s] INFO:colcon.colcon_core.shell:Creating environment hook '/home/julien/Documents/Intech/Monthléry/ros_workspace/install/monthlery/share/monthlery/hook/cmake_prefix_path.ps1'
[1.599s] INFO:colcon.colcon_core.shell:Creating environment descriptor '/home/julien/Documents/Intech/Monthléry/ros_workspace/install/monthlery/share/monthlery/hook/cmake_prefix_path.dsv'
[1.600s] INFO:colcon.colcon_core.shell:Creating environment hook '/home/julien/Documents/Intech/Monthléry/ros_workspace/install/monthlery/share/monthlery/hook/cmake_prefix_path.sh'
[1.600s] Level 1:colcon.colcon_core.environment:checking '/home/julien/Documents/Intech/Monthléry/ros_workspace/install/monthlery/lib'
[1.601s] Level 1:colcon.colcon_core.environment:checking '/home/julien/Documents/Intech/Monthléry/ros_workspace/install/monthlery/bin'
[1.601s] Level 1:colcon.colcon_core.environment:checking '/home/julien/Documents/Intech/Monthléry/ros_workspace/install/monthlery/lib/pkgconfig/monthlery.pc'
[1.601s] Level 1:colcon.colcon_core.environment:checking '/home/julien/Documents/Intech/Monthléry/ros_workspace/install/monthlery/lib/python3.8/site-packages'
[1.602s] INFO:colcon.colcon_core.shell:Creating package script '/home/julien/Documents/Intech/Monthléry/ros_workspace/install/monthlery/share/monthlery/package.ps1'
[1.603s] INFO:colcon.colcon_core.shell:Creating package descriptor '/home/julien/Documents/Intech/Monthléry/ros_workspace/install/monthlery/share/monthlery/package.dsv'
[1.604s] INFO:colcon.colcon_core.shell:Creating package script '/home/julien/Documents/Intech/Monthléry/ros_workspace/install/monthlery/share/monthlery/package.sh'
[1.605s] INFO:colcon.colcon_core.shell:Creating package script '/home/julien/Documents/Intech/Monthléry/ros_workspace/install/monthlery/share/monthlery/package.bash'
[1.605s] INFO:colcon.colcon_core.shell:Creating package script '/home/julien/Documents/Intech/Monthléry/ros_workspace/install/monthlery/share/monthlery/package.zsh'
[1.606s] Level 1:colcon.colcon_core.environment:create_file_with_runtime_dependencies(/home/julien/Documents/Intech/Monthléry/ros_workspace/install/monthlery/share/colcon-core/packages/monthlery)
[1.607s] DEBUG:colcon.colcon_parallel_executor.executor.parallel:closing loop
[1.607s] DEBUG:colcon.colcon_parallel_executor.executor.parallel:loop closed
[1.607s] DEBUG:colcon.colcon_parallel_executor.executor.parallel:run_until_complete finished with '0'
[1.607s] DEBUG:colcon.colcon_core.event_reactor:joining thread
[1.615s] INFO:colcon.colcon_core.plugin_system:Skipping extension 'colcon_notification.desktop_notification.terminal_notifier': Not used on non-Darwin systems
[1.615s] INFO:colcon.colcon_core.plugin_system:Skipping extension 'colcon_notification.desktop_notification.win32': Not used on non-Windows systems
[1.615s] INFO:colcon.colcon_notification.desktop_notification:Sending desktop notification using 'notify2'
[1.639s] DEBUG:colcon.colcon_core.event_reactor:joined thread
[1.640s] INFO:colcon.colcon_core.shell:Creating prefix script '/home/julien/Documents/Intech/Monthléry/ros_workspace/install/local_setup.ps1'
[1.641s] INFO:colcon.colcon_core.shell:Creating prefix util module '/home/julien/Documents/Intech/Monthléry/ros_workspace/install/_local_setup_util_ps1.py'
[1.642s] INFO:colcon.colcon_core.shell:Creating prefix chain script '/home/julien/Documents/Intech/Monthléry/ros_workspace/install/setup.ps1'
[1.643s] INFO:colcon.colcon_core.shell:Creating prefix script '/home/julien/Documents/Intech/Monthléry/ros_workspace/install/local_setup.sh'
[1.644s] INFO:colcon.colcon_core.shell:Creating prefix util module '/home/julien/Documents/Intech/Monthléry/ros_workspace/install/_local_setup_util_sh.py'
[1.644s] INFO:colcon.colcon_core.shell:Creating prefix chain script '/home/julien/Documents/Intech/Monthléry/ros_workspace/install/setup.sh'
[1.646s] INFO:colcon.colcon_core.shell:Creating prefix script '/home/julien/Documents/Intech/Monthléry/ros_workspace/install/local_setup.bash'
[1.646s] INFO:colcon.colcon_core.shell:Creating prefix chain script '/home/julien/Documents/Intech/Monthléry/ros_workspace/install/setup.bash'
[1.647s] INFO:colcon.colcon_core.shell:Creating prefix script '/home/julien/Documents/Intech/Monthléry/ros_workspace/install/local_setup.zsh'
[1.647s] INFO:colcon.colcon_core.shell:Creating prefix chain script '/home/julien/Documents/Intech/Monthléry/ros_workspace/install/setup.zsh'
