[0.019s] Invoking command in '/home/julien/Documents/Intech/Monthléry/ros_workspace/build/monthlery': CMAKE_PREFIX_PATH=/opt/ros/foxy /usr/bin/cmake --build /home/julien/Documents/Intech/Monthléry/ros_workspace/build/monthlery -- -j12 -l12
[0.072s] [100%] Built target monthlery
[0.086s] Invoked command in '/home/julien/Documents/Intech/Monthléry/ros_workspace/build/monthlery' returned '0': CMAKE_PREFIX_PATH=/opt/ros/foxy /usr/bin/cmake --build /home/julien/Documents/Intech/Monthléry/ros_workspace/build/monthlery -- -j12 -l12
[0.123s] Invoking command in '/home/julien/Documents/Intech/Monthléry/ros_workspace/build/monthlery': CMAKE_PREFIX_PATH=/opt/ros/foxy /usr/bin/cmake --install /home/julien/Documents/Intech/Monthléry/ros_workspace/build/monthlery
[0.131s] -- Install configuration: ""
[0.132s] -- Up-to-date: /home/julien/Documents/Intech/Monthléry/ros_workspace/install/monthlery/lib/monthlery/monthlery
[0.132s] -- Up-to-date: /home/julien/Documents/Intech/Monthléry/ros_workspace/install/monthlery/share/ament_index/resource_index/package_run_dependencies/monthlery
[0.132s] -- Up-to-date: /home/julien/Documents/Intech/Monthléry/ros_workspace/install/monthlery/share/ament_index/resource_index/parent_prefix_path/monthlery
[0.132s] -- Up-to-date: /home/julien/Documents/Intech/Monthléry/ros_workspace/install/monthlery/share/monthlery/environment/ament_prefix_path.sh
[0.132s] -- Up-to-date: /home/julien/Documents/Intech/Monthléry/ros_workspace/install/monthlery/share/monthlery/environment/ament_prefix_path.dsv
[0.132s] -- Up-to-date: /home/julien/Documents/Intech/Monthléry/ros_workspace/install/monthlery/share/monthlery/environment/path.sh
[0.132s] -- Up-to-date: /home/julien/Documents/Intech/Monthléry/ros_workspace/install/monthlery/share/monthlery/environment/path.dsv
[0.132s] -- Up-to-date: /home/julien/Documents/Intech/Monthléry/ros_workspace/install/monthlery/share/monthlery/local_setup.bash
[0.132s] -- Up-to-date: /home/julien/Documents/Intech/Monthléry/ros_workspace/install/monthlery/share/monthlery/local_setup.sh
[0.133s] -- Up-to-date: /home/julien/Documents/Intech/Monthléry/ros_workspace/install/monthlery/share/monthlery/local_setup.zsh
[0.133s] -- Up-to-date: /home/julien/Documents/Intech/Monthléry/ros_workspace/install/monthlery/share/monthlery/local_setup.dsv
[0.133s] -- Installing: /home/julien/Documents/Intech/Monthléry/ros_workspace/install/monthlery/share/monthlery/package.dsv
[0.133s] -- Up-to-date: /home/julien/Documents/Intech/Monthléry/ros_workspace/install/monthlery/share/ament_index/resource_index/packages/monthlery
[0.133s] -- Up-to-date: /home/julien/Documents/Intech/Monthléry/ros_workspace/install/monthlery/share/monthlery/cmake/monthleryConfig.cmake
[0.133s] -- Up-to-date: /home/julien/Documents/Intech/Monthléry/ros_workspace/install/monthlery/share/monthlery/cmake/monthleryConfig-version.cmake
[0.133s] -- Up-to-date: /home/julien/Documents/Intech/Monthléry/ros_workspace/install/monthlery/share/monthlery/package.xml
[0.135s] Invoked command in '/home/julien/Documents/Intech/Monthléry/ros_workspace/build/monthlery' returned '0': CMAKE_PREFIX_PATH=/opt/ros/foxy /usr/bin/cmake --install /home/julien/Documents/Intech/Monthléry/ros_workspace/build/monthlery
