-- Found ament_cmake: 0.9.9 (/opt/ros/foxy/share/ament_cmake/cmake)
-- Using PYTHON_EXECUTABLE: /usr/bin/python3
-- Found rclcpp: 2.4.1 (/opt/ros/foxy/share/rclcpp/cmake)
-- Using all available rosidl_typesupport_c: rosidl_typesupport_fastrtps_c;rosidl_typesupport_introspection_c
-- Found rosidl_adapter: 1.2.1 (/opt/ros/foxy/share/rosidl_adapter/cmake)
-- Using all available rosidl_typesupport_cpp: rosidl_typesupport_fastrtps_cpp;rosidl_typesupport_introspection_cpp
-- Found rmw_implementation_cmake: 1.0.3 (/opt/ros/foxy/share/rmw_implementation_cmake/cmake)
-- Using RMW implementation 'rmw_fastrtps_cpp' as default
-- Found ament_lint_auto: 0.9.6 (/opt/ros/foxy/share/ament_lint_auto/cmake)
-- Added test 'copyright' to check source files copyright and LICENSE
-- Added test 'cppcheck' to perform static code analysis on C / C++ code
-- Configured cppcheck include dirs: 
-- Configured cppcheck exclude dirs and/or files: 
-- Added test 'cpplint' to check C / C++ code against the Google style
-- Configured cpplint exclude dirs and/or files: 
-- Added test 'lint_cmake' to check CMake code style
-- Added test 'uncrustify' to check C / C++ code style
-- Configured uncrustify additional arguments: 
-- Added test 'xmllint' to check XML markup files
-- Configuring done
-- Generating done
-- Build files have been written to: /home/julien/Documents/Intech/Monthléry/ros_workspace/build/monthlery
[35m[1mScanning dependencies of target monthlery[0m
[ 66%] [32mBuilding CXX object CMakeFiles/monthlery.dir/src/controller/controllerSetup.cpp.o[0m
[ 66%] [32mBuilding CXX object CMakeFiles/monthlery.dir/src/monthlery.cpp.o[0m
[100%] [32m[1mLinking CXX executable monthlery[0m
[100%] Built target monthlery
-- Install configuration: ""
-- Installing: /home/julien/Documents/Intech/Monthléry/ros_workspace/install/monthlery/lib/monthlery/monthlery
-- Set runtime path of "/home/julien/Documents/Intech/Monthléry/ros_workspace/install/monthlery/lib/monthlery/monthlery" to ""
-- Up-to-date: /home/julien/Documents/Intech/Monthléry/ros_workspace/install/monthlery/share/ament_index/resource_index/package_run_dependencies/monthlery
-- Up-to-date: /home/julien/Documents/Intech/Monthléry/ros_workspace/install/monthlery/share/ament_index/resource_index/parent_prefix_path/monthlery
-- Up-to-date: /home/julien/Documents/Intech/Monthléry/ros_workspace/install/monthlery/share/monthlery/environment/ament_prefix_path.sh
-- Installing: /home/julien/Documents/Intech/Monthléry/ros_workspace/install/monthlery/share/monthlery/environment/ament_prefix_path.dsv
-- Up-to-date: /home/julien/Documents/Intech/Monthléry/ros_workspace/install/monthlery/share/monthlery/environment/path.sh
-- Installing: /home/julien/Documents/Intech/Monthléry/ros_workspace/install/monthlery/share/monthlery/environment/path.dsv
-- Up-to-date: /home/julien/Documents/Intech/Monthléry/ros_workspace/install/monthlery/share/monthlery/local_setup.bash
-- Up-to-date: /home/julien/Documents/Intech/Monthléry/ros_workspace/install/monthlery/share/monthlery/local_setup.sh
-- Up-to-date: /home/julien/Documents/Intech/Monthléry/ros_workspace/install/monthlery/share/monthlery/local_setup.zsh
-- Installing: /home/julien/Documents/Intech/Monthléry/ros_workspace/install/monthlery/share/monthlery/local_setup.dsv
-- Installing: /home/julien/Documents/Intech/Monthléry/ros_workspace/install/monthlery/share/monthlery/package.dsv
-- Up-to-date: /home/julien/Documents/Intech/Monthléry/ros_workspace/install/monthlery/share/ament_index/resource_index/packages/monthlery
-- Up-to-date: /home/julien/Documents/Intech/Monthléry/ros_workspace/install/monthlery/share/monthlery/cmake/monthleryConfig.cmake
-- Up-to-date: /home/julien/Documents/Intech/Monthléry/ros_workspace/install/monthlery/share/monthlery/cmake/monthleryConfig-version.cmake
-- Up-to-date: /home/julien/Documents/Intech/Monthléry/ros_workspace/install/monthlery/share/monthlery/package.xml
