[0.012s] Invoking command in '/home/julien/Documents/Intech/Monthléry/ros_workspace/build/monthlery': CMAKE_PREFIX_PATH=/opt/ros/foxy /usr/bin/cmake /home/julien/Documents/Intech/Monthléry/ros_workspace/monthlery -DCMAKE_INSTALL_PREFIX=/home/julien/Documents/Intech/Monthléry/ros_workspace/install/monthlery
[0.065s] -- The C compiler identification is GNU 9.3.0
[0.115s] -- The CXX compiler identification is GNU 9.3.0
[0.120s] -- Check for working C compiler: /usr/bin/cc
[0.181s] -- Check for working C compiler: /usr/bin/cc -- works
[0.182s] -- Detecting C compiler ABI info
[0.243s] -- Detecting C compiler ABI info - done
[0.253s] -- Detecting C compile features
[0.254s] -- Detecting C compile features - done
[0.257s] -- Check for working CXX compiler: /usr/bin/c++
[0.329s] -- Check for working CXX compiler: /usr/bin/c++ -- works
[0.329s] -- Detecting CXX compiler ABI info
[0.399s] -- Detecting CXX compiler ABI info - done
[0.411s] -- Detecting CXX compile features
[0.412s] -- Detecting CXX compile features - done
[0.414s] -- Found ament_cmake: 0.9.9 (/opt/ros/foxy/share/ament_cmake/cmake)
[0.439s] -- Found PythonInterp: /usr/bin/python3 (found suitable version "3.8.10", minimum required is "3") 
[0.439s] -- Using PYTHON_EXECUTABLE: /usr/bin/python3
[0.644s] -- Found rclcpp: 2.4.1 (/opt/ros/foxy/share/rclcpp/cmake)
[0.683s] -- Using all available rosidl_typesupport_c: rosidl_typesupport_fastrtps_c;rosidl_typesupport_introspection_c
[0.688s] -- Found rosidl_adapter: 1.2.1 (/opt/ros/foxy/share/rosidl_adapter/cmake)
[0.760s] -- Found OpenSSL: /usr/lib/x86_64-linux-gnu/libcrypto.so (found version "1.1.1f")  
[0.789s] -- Found FastRTPS: /opt/ros/foxy/include  
[0.857s] -- Using all available rosidl_typesupport_cpp: rosidl_typesupport_fastrtps_cpp;rosidl_typesupport_introspection_cpp
[0.906s] -- Found rmw_implementation_cmake: 1.0.3 (/opt/ros/foxy/share/rmw_implementation_cmake/cmake)
[0.907s] -- Using RMW implementation 'rmw_fastrtps_cpp' as default
[0.909s] -- Looking for pthread.h
[0.984s] -- Looking for pthread.h - found
[0.985s] -- Performing Test CMAKE_HAVE_LIBC_PTHREAD
[1.058s] -- Performing Test CMAKE_HAVE_LIBC_PTHREAD - Failed
[1.058s] -- Looking for pthread_create in pthreads
[1.116s] -- Looking for pthread_create in pthreads - not found
[1.117s] -- Looking for pthread_create in pthread
[1.189s] -- Looking for pthread_create in pthread - found
[1.190s] -- Found Threads: TRUE  
[1.321s] -- Found ament_lint_auto: 0.9.6 (/opt/ros/foxy/share/ament_lint_auto/cmake)
[1.392s] -- Added test 'copyright' to check source files copyright and LICENSE
[1.393s] -- Added test 'cppcheck' to perform static code analysis on C / C++ code
[1.394s] -- Configured cppcheck include dirs: 
[1.394s] -- Configured cppcheck exclude dirs and/or files: 
[1.394s] -- Added test 'cpplint' to check C / C++ code against the Google style
[1.395s] -- Configured cpplint exclude dirs and/or files: 
[1.395s] -- Added test 'lint_cmake' to check CMake code style
[1.396s] -- Added test 'uncrustify' to check C / C++ code style
[1.396s] -- Configured uncrustify additional arguments: 
[1.397s] -- Added test 'xmllint' to check XML markup files
[1.399s] -- Configuring done
[1.407s] -- Generating done
[1.409s] -- Build files have been written to: /home/julien/Documents/Intech/Monthléry/ros_workspace/build/monthlery
[1.422s] Invoked command in '/home/julien/Documents/Intech/Monthléry/ros_workspace/build/monthlery' returned '0': CMAKE_PREFIX_PATH=/opt/ros/foxy /usr/bin/cmake /home/julien/Documents/Intech/Monthléry/ros_workspace/monthlery -DCMAKE_INSTALL_PREFIX=/home/julien/Documents/Intech/Monthléry/ros_workspace/install/monthlery
[1.426s] Invoking command in '/home/julien/Documents/Intech/Monthléry/ros_workspace/build/monthlery': CMAKE_PREFIX_PATH=/opt/ros/foxy /usr/bin/cmake --build /home/julien/Documents/Intech/Monthléry/ros_workspace/build/monthlery -- -j12 -l12
[1.471s] [35m[1mScanning dependencies of target monthlery[0m
[1.482s] [ 50%] [32mBuilding CXX object CMakeFiles/monthlery.dir/src/monthlery.cpp.o[0m
[1.522s] [01m[K/home/julien/Documents/Intech/Monthléry/ros_workspace/monthlery/src/monthlery.cpp:2:10:[m[K [01;31m[Kfatal error: [m[KSerialPort.cpp: Aucun fichier ou dossier de ce type
[1.522s]     2 | #include [01;31m[K"SerialPort.cpp"[m[K
[1.522s]       |          [01;31m[K^~~~~~~~~~~~~~~~[m[K
[1.522s] compilation terminated.
[1.523s] make[2]: *** [CMakeFiles/monthlery.dir/build.make:63 : CMakeFiles/monthlery.dir/src/monthlery.cpp.o] Erreur 1
[1.523s] make[1]: *** [CMakeFiles/Makefile2:78 : CMakeFiles/monthlery.dir/all] Erreur 2
[1.523s] make: *** [Makefile:141 : all] Erreur 2
[1.526s] Invoked command in '/home/julien/Documents/Intech/Monthléry/ros_workspace/build/monthlery' returned '2': CMAKE_PREFIX_PATH=/opt/ros/foxy /usr/bin/cmake --build /home/julien/Documents/Intech/Monthléry/ros_workspace/build/monthlery -- -j12 -l12
