[0.028s] Invoking command in '/home/julien/Documents/Intech/Monthléry/ros_workspace/build/monthlery': CMAKE_PREFIX_PATH=${CMAKE_PREFIX_PATH}:/opt/ros/foxy /usr/bin/cmake --build /home/julien/Documents/Intech/Monthléry/ros_workspace/build/monthlery -- -j12 -l12
[0.071s] [35m[1mScanning dependencies of target monthlery[0m
[0.084s] [ 25%] [32mBuilding CXX object CMakeFiles/monthlery.dir/src/monthlery.cpp.o[0m
[0.449s] [ 50%] [32m[1mLinking CXX executable monthlery[0m
[0.551s] [100%] Built target monthlery
[0.567s] Invoked command in '/home/julien/Documents/Intech/Monthléry/ros_workspace/build/monthlery' returned '0': CMAKE_PREFIX_PATH=${CMAKE_PREFIX_PATH}:/opt/ros/foxy /usr/bin/cmake --build /home/julien/Documents/Intech/Monthléry/ros_workspace/build/monthlery -- -j12 -l12
[0.605s] Invoking command in '/home/julien/Documents/Intech/Monthléry/ros_workspace/build/monthlery': CMAKE_PREFIX_PATH=${CMAKE_PREFIX_PATH}:/opt/ros/foxy /usr/bin/cmake --install /home/julien/Documents/Intech/Monthléry/ros_workspace/build/monthlery
[0.612s] -- Install configuration: ""
[0.612s] -- Installing: /home/julien/Documents/Intech/Monthléry/ros_workspace/install/monthlery/lib/monthlery/monthlery
[0.612s] -- Set runtime path of "/home/julien/Documents/Intech/Monthléry/ros_workspace/install/monthlery/lib/monthlery/monthlery" to ""
[0.613s] -- Up-to-date: /home/julien/Documents/Intech/Monthléry/ros_workspace/install/monthlery/share/ament_index/resource_index/package_run_dependencies/monthlery
[0.613s] -- Up-to-date: /home/julien/Documents/Intech/Monthléry/ros_workspace/install/monthlery/share/ament_index/resource_index/parent_prefix_path/monthlery
[0.613s] -- Up-to-date: /home/julien/Documents/Intech/Monthléry/ros_workspace/install/monthlery/share/monthlery/environment/ament_prefix_path.sh
[0.613s] -- Up-to-date: /home/julien/Documents/Intech/Monthléry/ros_workspace/install/monthlery/share/monthlery/environment/ament_prefix_path.dsv
[0.613s] -- Up-to-date: /home/julien/Documents/Intech/Monthléry/ros_workspace/install/monthlery/share/monthlery/environment/path.sh
[0.613s] -- Up-to-date: /home/julien/Documents/Intech/Monthléry/ros_workspace/install/monthlery/share/monthlery/environment/path.dsv
[0.613s] -- Up-to-date: /home/julien/Documents/Intech/Monthléry/ros_workspace/install/monthlery/share/monthlery/local_setup.bash
[0.613s] -- Up-to-date: /home/julien/Documents/Intech/Monthléry/ros_workspace/install/monthlery/share/monthlery/local_setup.sh
[0.613s] -- Up-to-date: /home/julien/Documents/Intech/Monthléry/ros_workspace/install/monthlery/share/monthlery/local_setup.zsh
[0.613s] -- Up-to-date: /home/julien/Documents/Intech/Monthléry/ros_workspace/install/monthlery/share/monthlery/local_setup.dsv
[0.614s] -- Up-to-date: /home/julien/Documents/Intech/Monthléry/ros_workspace/install/monthlery/share/monthlery/package.dsv
[0.614s] -- Up-to-date: /home/julien/Documents/Intech/Monthléry/ros_workspace/install/monthlery/share/ament_index/resource_index/packages/monthlery
[0.614s] -- Up-to-date: /home/julien/Documents/Intech/Monthléry/ros_workspace/install/monthlery/share/monthlery/cmake/monthleryConfig.cmake
[0.614s] -- Up-to-date: /home/julien/Documents/Intech/Monthléry/ros_workspace/install/monthlery/share/monthlery/cmake/monthleryConfig-version.cmake
[0.614s] -- Up-to-date: /home/julien/Documents/Intech/Monthléry/ros_workspace/install/monthlery/share/monthlery/package.xml
[0.616s] Invoked command in '/home/julien/Documents/Intech/Monthléry/ros_workspace/build/monthlery' returned '0': CMAKE_PREFIX_PATH=${CMAKE_PREFIX_PATH}:/opt/ros/foxy /usr/bin/cmake --install /home/julien/Documents/Intech/Monthléry/ros_workspace/build/monthlery
